<?xml version="1.0" encoding="UTF-8"?>
<!-- Generated by org.testng.reporters.JUnitReportReporter -->
<testsuite skipped="0" hostname="DESKTOP-6NM2OB8" name="SeleniumPackage.fb" tests="1" failures="0" timestamp="23 Sep 2019 03:33:14 GMT" time="24.530" errors="0">
  <testcase name="login" time="24.530" classname="SeleniumPackage.fb"/>
</testsuite> <!-- SeleniumPackage.fb -->
