<?xml version="1.0" encoding="UTF-8"?>
<!-- Generated by org.testng.reporters.JUnitReportReporter -->
<testsuite skipped="0" hostname="DESKTOP-6NM2OB8" name="SeleniumPackage.irctc" tests="1" failures="0" timestamp="23 Sep 2019 03:48:10 GMT" time="43.773" errors="0">
  <testcase name="login" time="43.773" classname="SeleniumPackage.irctc"/>
</testsuite> <!-- SeleniumPackage.irctc -->
