<?xml version="1.0" encoding="UTF-8"?>
<!-- Generated by org.testng.reporters.JUnitReportReporter -->
<testsuite skipped="0" hostname="DESKTOP-6NM2OB8" name="SeleniumPackage.Sample" tests="2" failures="0" timestamp="24 Sep 2019 02:33:45 GMT" time="0.016" errors="0">
  <testcase name="userreg" time="0.000" classname="SeleniumPackage.Sample"/>
  <testcase name="login" time="0.016" classname="SeleniumPackage.Sample"/>
</testsuite> <!-- SeleniumPackage.Sample -->
