<?xml version="1.0" encoding="UTF-8"?>
<!-- Generated by org.testng.reporters.JUnitReportReporter -->
<testsuite skipped="0" hostname="DESKTOP-6NM2OB8" name="SeleniumPackage.googletest" tests="2" failures="0" timestamp="23 Sep 2019 09:23:49 GMT" time="70.912" errors="0">
  <testcase name="search" time="34.742" classname="SeleniumPackage.googletest"/>
  <testcase name="search" time="36.170" classname="SeleniumPackage.googletest"/>
</testsuite> <!-- SeleniumPackage.googletest -->
