<?xml version="1.0" encoding="UTF-8"?>
<!-- Generated by org.testng.reporters.JUnitReportReporter -->
<testsuite skipped="0" hostname="DESKTOP-6NM2OB8" name="SeleniumPackage.Excel_write" tests="1" failures="0" timestamp="23 Sep 2019 09:49:37 GMT" time="1.219" errors="0">
  <testcase name="write" time="1.219" classname="SeleniumPackage.Excel_write"/>
</testsuite> <!-- SeleniumPackage.Excel_write -->
