<?xml version="1.0" encoding="UTF-8"?>
<!-- Generated by org.testng.reporters.JUnitReportReporter -->
<testsuite skipped="0" hostname="DESKTOP-6NM2OB8" name="SeleniumPackage.Excel_read" tests="1" failures="0" timestamp="23 Sep 2019 09:49:37 GMT" time="0.101" errors="0">
  <testcase name="read" time="0.101" classname="SeleniumPackage.Excel_read"/>
</testsuite> <!-- SeleniumPackage.Excel_read -->
